<?xml version="1.0" encoding="UTF-8"?>
<urlset xmlns="http://www.sitemaps.org/schemas/sitemap/0.9">
  <url>
    <loc>http://192.168.3.50:8080/test-pages/page1.html</loc>
  </url>
  <url>
    <loc>http://192.168.3.50:8080/test-pages/page2.html</loc>
  </url>
  <url>
    <loc>http://192.168.3.50:8080/test-pages/page3.html</loc>
  </url>
  <url>
    <loc>http://192.168.3.50:8080/test-pages/page4.html</loc>
  </url>
  <url>
    <loc>http://192.168.3.50:8080/test-pages/page5.html</loc>
  </url>
</urlset> 